{"meta": {"format": 3, "version": "7.11.0", "timestamp": "2025-10-31T04:06:10.945202", "branch_coverage": false, "show_contexts": false}, "files": {"build_exe.py": {"executed_lines": [], "summary": {"covered_lines": 0, "num_statements": 19, "percent_covered": 0.0, "percent_covered_display": "0", "missing_lines": 19, "excluded_lines": 2}, "missing_lines": [2, 4, 5, 6, 9, 11, 14, 29, 30, 31, 32, 33, 34, 35, 36, 37, 38, 39, 40], "excluded_lines": [43, 44], "functions": {"build_exe": {"executed_lines": [], "summary": {"covered_lines": 0, "num_statements": 14, "percent_covered": 0.0, "percent_covered_display": "0", "missing_lines": 14, "excluded_lines": 0}, "missing_lines": [11, 14, 29, 30, 31, 32, 33, 34, 35, 36, 37, 38, 39, 40], "excluded_lines": []}, "": {"executed_lines": [], "summary": {"covered_lines": 0, "num_statements": 5, "percent_covered": 0.0, "percent_covered_display": "0", "missing_lines": 5, "excluded_lines": 2}, "missing_lines": [2, 4, 5, 6, 9], "excluded_lines": [43, 44]}}, "classes": {"": {"executed_lines": [], "summary": {"covered_lines": 0, "num_statements": 19, "percent_covered": 0.0, "percent_covered_display": "0", "missing_lines": 19, "excluded_lines": 2}, "missing_lines": [2, 4, 5, 6, 9, 11, 14, 29, 30, 31, 32, 33, 34, 35, 36, 37, 38, 39, 40], "excluded_lines": [43, 44]}}}, "core\\__init__.py": {"executed_lines": [1], "summary": {"covered_lines": 0, "num_statements": 0, "percent_covered": 100.0, "percent_covered_display": "100", "missing_lines": 0, "excluded_lines": 0}, "missing_lines": [], "excluded_lines": [], "functions": {"": {"executed_lines": [1], "summary": {"covered_lines": 0, "num_statements": 0, "percent_covered": 100.0, "percent_covered_display": "100", "missing_lines": 0, "excluded_lines": 0}, "missing_lines": [], "excluded_lines": []}}, "classes": {"": {"executed_lines": [1], "summary": {"covered_lines": 0, "num_statements": 0, "percent_covered": 100.0, "percent_covered_display": "100", "missing_lines": 0, "excluded_lines": 0}, "missing_lines": [], "excluded_lines": []}}}, "core\\ai_orchestrator.py": {"executed_lines": [1, 5, 7, 8, 9, 10, 11, 12, 14, 15, 19, 20, 24, 25, 30, 31, 32, 33, 34, 35, 38, 39, 40, 41, 42, 43, 44, 45, 46, 47, 50, 51, 66, 67, 68, 69, 70, 71, 72, 73, 74, 76, 78, 79, 81, 91, 92, 94, 96, 99, 100, 101, 109, 110, 111, 119, 120, 121, 128, 146, 147, 153, 159, 160, 161, 163, 165, 166, 169, 170, 173, 174, 175, 177, 178, 179, 180, 181, 182, 184, 201, 202, 203, 205, 206, 209, 219, 221, 222, 237, 239, 240, 256, 258, 259, 275, 277, 279, 280, 287, 288, 289, 291, 301, 302, 303, 306, 315, 316, 317, 319, 324, 325, 326, 336, 338, 340, 342, 345], "summary": {"covered_lines": 115, "num_statements": 150, "percent_covered": 76.66666666666667, "percent_covered_display": "77", "missing_lines": 35, "excluded_lines": 0}, "missing_lines": [16, 17, 21, 22, 26, 27, 102, 103, 104, 105, 106, 112, 113, 114, 115, 116, 122, 123, 124, 125, 126, 154, 167, 171, 186, 189, 190, 192, 224, 231, 243, 250, 261, 262, 269], "excluded_lines": [], "functions": {"AIOrchestrator.__init__": {"executed_lines": [67, 68, 69, 70, 71, 72, 73, 74], "summary": {"covered_lines": 8, "num_statements": 8, "percent_covered": 100.0, "percent_covered_display": "100", "missing_lines": 0, "excluded_lines": 0}, "missing_lines": [], "excluded_lines": []}, "AIOrchestrator._load_config": {"executed_lines": [78, 79, 81, 91, 92], "summary": {"covered_lines": 5, "num_statements": 5, "percent_covered": 100.0, "percent_covered_display": "100", "missing_lines": 0, "excluded_lines": 0}, "missing_lines": [], "excluded_lines": []}, "AIOrchestrator._init_providers": {"executed_lines": [96, 99, 100, 101, 109, 110, 111, 119, 120, 121], "summary": {"covered_lines": 10, "num_statements": 25, "percent_covered": 40.0, "percent_covered_display": "40", "missing_lines": 15, "excluded_lines": 0}, "missing_lines": [102, 103, 104, 105, 106, 112, 113, 114, 115, 116, 122, 123, 124, 125, 126], "excluded_lines": []}, "AIOrchestrator.generate_completion": {"executed_lines": [146, 147, 153, 159, 160, 161, 163, 165, 166, 169, 170, 173, 174, 175, 177, 178, 179, 180, 181, 182, 184, 201, 202, 203, 205, 206, 209], "summary": {"covered_lines": 27, "num_statements": 34, "percent_covered": 79.41176470588235, "percent_covered_display": "79", "missing_lines": 7, "excluded_lines": 0}, "missing_lines": [154, 167, 171, 186, 189, 190, 192], "excluded_lines": []}, "AIOrchestrator._call_claude": {"executed_lines": [221, 222], "summary": {"covered_lines": 2, "num_statements": 4, "percent_covered": 50.0, "percent_covered_display": "50", "missing_lines": 2, "excluded_lines": 0}, "missing_lines": [224, 231], "excluded_lines": []}, "AIOrchestrator._call_openai": {"executed_lines": [239, 240], "summary": {"covered_lines": 2, "num_statements": 4, "percent_covered": 50.0, "percent_covered_display": "50", "missing_lines": 2, "excluded_lines": 0}, "missing_lines": [243, 250], "excluded_lines": []}, "AIOrchestrator._call_gemini": {"executed_lines": [258, 259], "summary": {"covered_lines": 2, "num_statements": 5, "percent_covered": 40.0, "percent_covered_display": "40", "missing_lines": 3, "excluded_lines": 0}, "missing_lines": [261, 262, 269], "excluded_lines": []}, "AIOrchestrator._record_usage": {"executed_lines": [277, 279, 280, 287, 288, 289], "summary": {"covered_lines": 6, "num_statements": 6, "percent_covered": 100.0, "percent_covered_display": "100", "missing_lines": 0, "excluded_lines": 0}, "missing_lines": [], "excluded_lines": []}, "AIOrchestrator._fine_tune_optimization": {"executed_lines": [301, 302, 303, 306, 315, 316, 317], "summary": {"covered_lines": 7, "num_statements": 7, "percent_covered": 100.0, "percent_covered_display": "100", "missing_lines": 0, "excluded_lines": 0}, "missing_lines": [], "excluded_lines": []}, "AIOrchestrator.export_fine_tuning_data": {"executed_lines": [324, 325, 326, 336, 338], "summary": {"covered_lines": 5, "num_statements": 5, "percent_covered": 100.0, "percent_covered_display": "100", "missing_lines": 0, "excluded_lines": 0}, "missing_lines": [], "excluded_lines": []}, "AIOrchestrator.get_usage_stats": {"executed_lines": [342], "summary": {"covered_lines": 1, "num_statements": 1, "percent_covered": 100.0, "percent_covered_display": "100", "missing_lines": 0, "excluded_lines": 0}, "missing_lines": [], "excluded_lines": []}, "": {"executed_lines": [1, 5, 7, 8, 9, 10, 11, 12, 14, 15, 19, 20, 24, 25, 30, 31, 32, 33, 34, 35, 38, 39, 40, 41, 42, 43, 44, 45, 46, 47, 50, 51, 66, 76, 94, 128, 219, 237, 256, 275, 291, 319, 340, 345], "summary": {"covered_lines": 40, "num_statements": 46, "percent_covered": 86.95652173913044, "percent_covered_display": "87", "missing_lines": 6, "excluded_lines": 0}, "missing_lines": [16, 17, 21, 22, 26, 27], "excluded_lines": []}}, "classes": {"AIProvider": {"executed_lines": [], "summary": {"covered_lines": 0, "num_statements": 0, "percent_covered": 100.0, "percent_covered_display": "100", "missing_lines": 0, "excluded_lines": 0}, "missing_lines": [], "excluded_lines": []}, "AIResponse": {"executed_lines": [], "summary": {"covered_lines": 0, "num_statements": 0, "percent_covered": 100.0, "percent_covered_display": "100", "missing_lines": 0, "excluded_lines": 0}, "missing_lines": [], "excluded_lines": []}, "AIOrchestrator": {"executed_lines": [67, 68, 69, 70, 71, 72, 73, 74, 78, 79, 81, 91, 92, 96, 99, 100, 101, 109, 110, 111, 119, 120, 121, 146, 147, 153, 159, 160, 161, 163, 165, 166, 169, 170, 173, 174, 175, 177, 178, 179, 180, 181, 182, 184, 201, 202, 203, 205, 206, 209, 221, 222, 239, 240, 258, 259, 277, 279, 280, 287, 288, 289, 301, 302, 303, 306, 315, 316, 317, 324, 325, 326, 336, 338, 342], "summary": {"covered_lines": 75, "num_statements": 104, "percent_covered": 72.11538461538461, "percent_covered_display": "72", "missing_lines": 29, "excluded_lines": 0}, "missing_lines": [102, 103, 104, 105, 106, 112, 113, 114, 115, 116, 122, 123, 124, 125, 126, 154, 167, 171, 186, 189, 190, 192, 224, 231, 243, 250, 261, 262, 269], "excluded_lines": []}, "": {"executed_lines": [1, 5, 7, 8, 9, 10, 11, 12, 14, 15, 19, 20, 24, 25, 30, 31, 32, 33, 34, 35, 38, 39, 40, 41, 42, 43, 44, 45, 46, 47, 50, 51, 66, 76, 94, 128, 219, 237, 256, 275, 291, 319, 340, 345], "summary": {"covered_lines": 40, "num_statements": 46, "percent_covered": 86.95652173913044, "percent_covered_display": "87", "missing_lines": 6, "excluded_lines": 0}, "missing_lines": [16, 17, 21, 22, 26, 27], "excluded_lines": []}}}, "core\\backup_manager.py": {"executed_lines": [1, 2, 4, 5, 6, 7, 8, 9, 12, 13, 23, 24, 25, 27, 38, 40, 41, 43, 45, 47, 48, 51, 59, 65, 66, 68, 69, 71, 72, 73, 75, 76, 79, 80, 81, 84, 85, 86, 89, 91, 98, 100, 101, 102, 103, 104, 106, 108, 118, 119, 121, 122, 124, 125, 127, 138, 139, 142, 145, 146, 148, 151, 152, 153, 155, 156, 157, 159, 161, 171, 172, 174, 175, 177, 178, 180, 182, 192, 194, 197, 198, 199, 200, 202, 205], "summary": {"covered_lines": 83, "num_statements": 86, "percent_covered": 96.51162790697674, "percent_covered_display": "97", "missing_lines": 3, "excluded_lines": 0}, "missing_lines": [140, 143, 195], "excluded_lines": [], "functions": {"BackupManager.__init__": {"executed_lines": [24, 25], "summary": {"covered_lines": 2, "num_statements": 2, "percent_covered": 100.0, "percent_covered_display": "100", "missing_lines": 0, "excluded_lines": 0}, "missing_lines": [], "excluded_lines": []}, "BackupManager.create_snapshot": {"executed_lines": [38, 40, 41, 43, 45, 47, 48, 51, 59, 65, 66, 68, 69, 71, 72, 73, 75, 76, 79, 80, 81, 84, 85, 86, 89], "summary": {"covered_lines": 25, "num_statements": 25, "percent_covered": 100.0, "percent_covered_display": "100", "missing_lines": 0, "excluded_lines": 0}, "missing_lines": [], "excluded_lines": []}, "BackupManager.list_snapshots": {"executed_lines": [98, 100, 101, 102, 103, 104, 106], "summary": {"covered_lines": 7, "num_statements": 7, "percent_covered": 100.0, "percent_covered_display": "100", "missing_lines": 0, "excluded_lines": 0}, "missing_lines": [], "excluded_lines": []}, "BackupManager.get_snapshot": {"executed_lines": [118, 119, 121, 122, 124, 125], "summary": {"covered_lines": 6, "num_statements": 6, "percent_covered": 100.0, "percent_covered_display": "100", "missing_lines": 0, "excluded_lines": 0}, "missing_lines": [], "excluded_lines": []}, "BackupManager.restore_snapshot": {"executed_lines": [138, 139, 142, 145, 146, 148, 151, 152, 153, 155, 156, 157, 159], "summary": {"covered_lines": 13, "num_statements": 15, "percent_covered": 86.66666666666667, "percent_covered_display": "87", "missing_lines": 2, "excluded_lines": 0}, "missing_lines": [140, 143], "excluded_lines": []}, "BackupManager.delete_snapshot": {"executed_lines": [171, 172, 174, 175, 177, 178, 180], "summary": {"covered_lines": 7, "num_statements": 7, "percent_covered": 100.0, "percent_covered_display": "100", "missing_lines": 0, "excluded_lines": 0}, "missing_lines": [], "excluded_lines": []}, "BackupManager.cleanup_old_snapshots": {"executed_lines": [192, 194, 197, 198, 199, 200, 202], "summary": {"covered_lines": 7, "num_statements": 8, "percent_covered": 87.5, "percent_covered_display": "88", "missing_lines": 1, "excluded_lines": 0}, "missing_lines": [195], "excluded_lines": []}, "": {"executed_lines": [1, 2, 4, 5, 6, 7, 8, 9, 12, 13, 23, 27, 91, 108, 127, 161, 182, 205], "summary": {"covered_lines": 16, "num_statements": 16, "percent_covered": 100.0, "percent_covered_display": "100", "missing_lines": 0, "excluded_lines": 0}, "missing_lines": [], "excluded_lines": []}}, "classes": {"BackupManager": {"executed_lines": [24, 25, 38, 40, 41, 43, 45, 47, 48, 51, 59, 65, 66, 68, 69, 71, 72, 73, 75, 76, 79, 80, 81, 84, 85, 86, 89, 98, 100, 101, 102, 103, 104, 106, 118, 119, 121, 122, 124, 125, 138, 139, 142, 145, 146, 148, 151, 152, 153, 155, 156, 157, 159, 171, 172, 174, 175, 177, 178, 180, 192, 194, 197, 198, 199, 200, 202], "summary": {"covered_lines": 67, "num_statements": 70, "percent_covered": 95.71428571428571, "percent_covered_display": "96", "missing_lines": 3, "excluded_lines": 0}, "missing_lines": [140, 143, 195], "excluded_lines": []}, "": {"executed_lines": [1, 2, 4, 5, 6, 7, 8, 9, 12, 13, 23, 27, 91, 108, 127, 161, 182, 205], "summary": {"covered_lines": 16, "num_statements": 16, "percent_covered": 100.0, "percent_covered_display": "100", "missing_lines": 0, "excluded_lines": 0}, "missing_lines": [], "excluded_lines": []}}}, "core\\change_detector.py": {"executed_lines": [1, 2, 4, 5, 6, 7, 8, 11, 12, 22, 23, 24, 25, 26, 28, 30, 31, 32, 33, 34, 38, 40, 42, 47, 48, 50, 52, 53, 54, 58, 65, 66, 68, 74, 80, 83, 84, 86, 87, 89, 90, 92, 94, 96, 97, 98, 101, 102, 105, 106, 108, 109, 110, 113, 115, 117, 124, 125, 127, 134, 135, 137, 139, 140, 143], "summary": {"covered_lines": 63, "num_statements": 67, "percent_covered": 94.02985074626865, "percent_covered_display": "94", "missing_lines": 4, "excluded_lines": 0}, "missing_lines": [35, 36, 55, 56], "excluded_lines": [], "functions": {"ChangeDetector.__init__": {"executed_lines": [23, 24, 25, 26], "summary": {"covered_lines": 4, "num_statements": 4, "percent_covered": 100.0, "percent_covered_display": "100", "missing_lines": 0, "excluded_lines": 0}, "missing_lines": [], "excluded_lines": []}, "ChangeDetector._load_state": {"executed_lines": [30, 31, 32, 33, 34, 38], "summary": {"covered_lines": 6, "num_statements": 8, "percent_covered": 75.0, "percent_covered_display": "75", "missing_lines": 2, "excluded_lines": 0}, "missing_lines": [35, 36], "excluded_lines": []}, "ChangeDetector._save_state": {"executed_lines": [42, 47, 48], "summary": {"covered_lines": 3, "num_statements": 3, "percent_covered": 100.0, "percent_covered_display": "100", "missing_lines": 0, "excluded_lines": 0}, "missing_lines": [], "excluded_lines": []}, "ChangeDetector._calculate_hash": {"executed_lines": [52, 53, 54], "summary": {"covered_lines": 3, "num_statements": 5, "percent_covered": 60.0, "percent_covered_display": "60", "missing_lines": 2, "excluded_lines": 0}, "missing_lines": [55, 56], "excluded_lines": []}, "ChangeDetector.detect_changes": {"executed_lines": [65, 66, 68, 74, 80, 83, 84, 86, 87, 89, 90, 92, 94, 96, 97, 98, 101, 102, 105, 106, 108, 109, 110, 113, 115], "summary": {"covered_lines": 25, "num_statements": 25, "percent_covered": 100.0, "percent_covered_display": "100", "missing_lines": 0, "excluded_lines": 0}, "missing_lines": [], "excluded_lines": []}, "ChangeDetector.get_modified_files": {"executed_lines": [124, 125], "summary": {"covered_lines": 2, "num_statements": 2, "percent_covered": 100.0, "percent_covered_display": "100", "missing_lines": 0, "excluded_lines": 0}, "missing_lines": [], "excluded_lines": []}, "ChangeDetector.has_changes": {"executed_lines": [134, 135], "summary": {"covered_lines": 2, "num_statements": 2, "percent_covered": 100.0, "percent_covered_display": "100", "missing_lines": 0, "excluded_lines": 0}, "missing_lines": [], "excluded_lines": []}, "ChangeDetector.reset_state": {"executed_lines": [139, 140], "summary": {"covered_lines": 2, "num_statements": 2, "percent_covered": 100.0, "percent_covered_display": "100", "missing_lines": 0, "excluded_lines": 0}, "missing_lines": [], "excluded_lines": []}, "": {"executed_lines": [1, 2, 4, 5, 6, 7, 8, 11, 12, 22, 28, 40, 50, 58, 117, 127, 137, 143], "summary": {"covered_lines": 16, "num_statements": 16, "percent_covered": 100.0, "percent_covered_display": "100", "missing_lines": 0, "excluded_lines": 0}, "missing_lines": [], "excluded_lines": []}}, "classes": {"ChangeDetector": {"executed_lines": [23, 24, 25, 26, 30, 31, 32, 33, 34, 38, 42, 47, 48, 52, 53, 54, 65, 66, 68, 74, 80, 83, 84, 86, 87, 89, 90, 92, 94, 96, 97, 98, 101, 102, 105, 106, 108, 109, 110, 113, 115, 124, 125, 134, 135, 139, 140], "summary": {"covered_lines": 47, "num_statements": 51, "percent_covered": 92.15686274509804, "percent_covered_display": "92", "missing_lines": 4, "excluded_lines": 0}, "missing_lines": [35, 36, 55, 56], "excluded_lines": []}, "": {"executed_lines": [1, 2, 4, 5, 6, 7, 8, 11, 12, 22, 28, 40, 50, 58, 117, 127, 137, 143], "summary": {"covered_lines": 16, "num_statements": 16, "percent_covered": 100.0, "percent_covered_display": "100", "missing_lines": 0, "excluded_lines": 0}, "missing_lines": [], "excluded_lines": []}}}, "core\\config_manager.py": {"executed_lines": [1, 2, 4, 5, 6, 9, 10, 18, 19, 20, 21, 23, 25, 29, 30, 32, 34, 69, 71, 72, 74, 85, 86, 88, 89, 90, 92, 94, 96, 104, 105, 107, 108, 110, 112, 113, 115, 117, 119, 121, 122, 125], "summary": {"covered_lines": 40, "num_statements": 43, "percent_covered": 93.02325581395348, "percent_covered_display": "93", "missing_lines": 3, "excluded_lines": 0}, "missing_lines": [26, 27, 109], "excluded_lines": [], "functions": {"ConfigManager.__init__": {"executed_lines": [19, 20, 21], "summary": {"covered_lines": 3, "num_statements": 3, "percent_covered": 100.0, "percent_covered_display": "100", "missing_lines": 0, "excluded_lines": 0}, "missing_lines": [], "excluded_lines": []}, "ConfigManager._load_config": {"executed_lines": [25, 29, 30], "summary": {"covered_lines": 3, "num_statements": 5, "percent_covered": 60.0, "percent_covered_display": "60", "missing_lines": 2, "excluded_lines": 0}, "missing_lines": [26, 27], "excluded_lines": []}, "ConfigManager._default_config": {"executed_lines": [34], "summary": {"covered_lines": 1, "num_statements": 1, "percent_covered": 100.0, "percent_covered_display": "100", "missing_lines": 0, "excluded_lines": 0}, "missing_lines": [], "excluded_lines": []}, "ConfigManager._save_config": {"executed_lines": [71, 72], "summary": {"covered_lines": 2, "num_statements": 2, "percent_covered": 100.0, "percent_covered_display": "100", "missing_lines": 0, "excluded_lines": 0}, "missing_lines": [], "excluded_lines": []}, "ConfigManager.get": {"executed_lines": [85, 86, 88, 89, 90, 92, 94], "summary": {"covered_lines": 7, "num_statements": 7, "percent_covered": 100.0, "percent_covered_display": "100", "missing_lines": 0, "excluded_lines": 0}, "missing_lines": [], "excluded_lines": []}, "ConfigManager.set": {"executed_lines": [104, 105, 107, 108, 110, 112, 113], "summary": {"covered_lines": 7, "num_statements": 8, "percent_covered": 87.5, "percent_covered_display": "88", "missing_lines": 1, "excluded_lines": 0}, "missing_lines": [109], "excluded_lines": []}, "ConfigManager.get_all": {"executed_lines": [117], "summary": {"covered_lines": 1, "num_statements": 1, "percent_covered": 100.0, "percent_covered_display": "100", "missing_lines": 0, "excluded_lines": 0}, "missing_lines": [], "excluded_lines": []}, "ConfigManager.update": {"executed_lines": [121, 122], "summary": {"covered_lines": 2, "num_statements": 2, "percent_covered": 100.0, "percent_covered_display": "100", "missing_lines": 0, "excluded_lines": 0}, "missing_lines": [], "excluded_lines": []}, "": {"executed_lines": [1, 2, 4, 5, 6, 9, 10, 18, 23, 32, 69, 74, 96, 115, 119, 125], "summary": {"covered_lines": 14, "num_statements": 14, "percent_covered": 100.0, "percent_covered_display": "100", "missing_lines": 0, "excluded_lines": 0}, "missing_lines": [], "excluded_lines": []}}, "classes": {"ConfigManager": {"executed_lines": [19, 20, 21, 25, 29, 30, 34, 71, 72, 85, 86, 88, 89, 90, 92, 94, 104, 105, 107, 108, 110, 112, 113, 117, 121, 122], "summary": {"covered_lines": 26, "num_statements": 29, "percent_covered": 89.65517241379311, "percent_covered_display": "90", "missing_lines": 3, "excluded_lines": 0}, "missing_lines": [26, 27, 109], "excluded_lines": []}, "": {"executed_lines": [1, 2, 4, 5, 6, 9, 10, 18, 23, 32, 69, 74, 96, 115, 119, 125], "summary": {"covered_lines": 14, "num_statements": 14, "percent_covered": 100.0, "percent_covered_display": "100", "missing_lines": 0, "excluded_lines": 0}, "missing_lines": [], "excluded_lines": []}}}, "core\\context_engine.py": {"executed_lines": [1, 2, 4, 5, 6, 7, 10, 11, 21, 22, 23, 25, 32, 33, 35, 44, 49, 51, 53, 56, 60, 61, 62, 64, 65, 68, 69, 70, 72, 73, 75, 86, 88, 89, 91, 98, 99, 100, 101, 104, 105, 110, 112, 122, 124, 133, 134, 135, 136, 139, 142, 143, 144, 145, 147, 149, 159, 161, 162, 164, 166, 168, 169, 171, 172, 173, 174, 175, 183, 186], "summary": {"covered_lines": 68, "num_statements": 73, "percent_covered": 93.15068493150685, "percent_covered_display": "93", "missing_lines": 5, "excluded_lines": 0}, "missing_lines": [57, 107, 108, 180, 181], "excluded_lines": [], "functions": {"ContextEngine.__init__": {"executed_lines": [22, 23], "summary": {"covered_lines": 2, "num_statements": 2, "percent_covered": 100.0, "percent_covered_display": "100", "missing_lines": 0, "excluded_lines": 0}, "missing_lines": [], "excluded_lines": []}, "ContextEngine.analyze_project_structure": {"executed_lines": [32, 33, 35, 44, 49, 51, 53, 56, 60, 61, 62, 64, 65, 68, 69, 70, 72, 73], "summary": {"covered_lines": 18, "num_statements": 19, "percent_covered": 94.73684210526316, "percent_covered_display": "95", "missing_lines": 1, "excluded_lines": 0}, "missing_lines": [57], "excluded_lines": []}, "ContextEngine.get_code_summary": {"executed_lines": [86, 88, 89, 91, 98, 99, 100, 101, 104, 105, 110], "summary": {"covered_lines": 11, "num_statements": 13, "percent_covered": 84.61538461538461, "percent_covered_display": "85", "missing_lines": 2, "excluded_lines": 0}, "missing_lines": [107, 108], "excluded_lines": []}, "ContextEngine.generate_context_prompt": {"executed_lines": [122, 124, 133, 134, 135, 136, 139, 142, 143, 144, 145, 147], "summary": {"covered_lines": 12, "num_statements": 12, "percent_covered": 100.0, "percent_covered_display": "100", "missing_lines": 0, "excluded_lines": 0}, "missing_lines": [], "excluded_lines": []}, "ContextEngine.get_recent_changes": {"executed_lines": [159, 161, 162, 164, 166, 168, 169, 171, 172, 173, 174, 175, 183], "summary": {"covered_lines": 13, "num_statements": 15, "percent_covered": 86.66666666666667, "percent_covered_display": "87", "missing_lines": 2, "excluded_lines": 0}, "missing_lines": [180, 181], "excluded_lines": []}, "": {"executed_lines": [1, 2, 4, 5, 6, 7, 10, 11, 21, 25, 75, 112, 149, 186], "summary": {"covered_lines": 12, "num_statements": 12, "percent_covered": 100.0, "percent_covered_display": "100", "missing_lines": 0, "excluded_lines": 0}, "missing_lines": [], "excluded_lines": []}}, "classes": {"ContextEngine": {"executed_lines": [22, 23, 32, 33, 35, 44, 49, 51, 53, 56, 60, 61, 62, 64, 65, 68, 69, 70, 72, 73, 86, 88, 89, 91, 98, 99, 100, 101, 104, 105, 110, 122, 124, 133, 134, 135, 136, 139, 142, 143, 144, 145, 147, 159, 161, 162, 164, 166, 168, 169, 171, 172, 173, 174, 175, 183], "summary": {"covered_lines": 56, "num_statements": 61, "percent_covered": 91.80327868852459, "percent_covered_display": "92", "missing_lines": 5, "excluded_lines": 0}, "missing_lines": [57, 107, 108, 180, 181], "excluded_lines": []}, "": {"executed_lines": [1, 2, 4, 5, 6, 7, 10, 11, 21, 25, 75, 112, 149, 186], "summary": {"covered_lines": 12, "num_statements": 12, "percent_covered": 100.0, "percent_covered_display": "100", "missing_lines": 0, "excluded_lines": 0}, "missing_lines": [], "excluded_lines": []}}}, "core\\database.py": {"executed_lines": [1, 2, 4, 5, 6, 7, 8, 11, 12, 21, 22, 23, 24, 26, 27, 29, 30, 31, 32, 33, 38, 40, 42, 43, 46, 57, 69, 83, 85, 86, 87, 91, 93, 95, 96, 97, 98, 99, 101, 103, 104, 106, 107, 111, 113, 115, 116, 117, 123, 125, 128, 129, 130, 135, 137, 139, 140, 141, 148], "summary": {"covered_lines": 57, "num_statements": 60, "percent_covered": 95.0, "percent_covered_display": "95", "missing_lines": 3, "excluded_lines": 0}, "missing_lines": [34, 35, 36], "excluded_lines": [], "functions": {"Database.__init__": {"executed_lines": [22, 23, 24], "summary": {"covered_lines": 3, "num_statements": 3, "percent_covered": 100.0, "percent_covered_display": "100", "missing_lines": 0, "excluded_lines": 0}, "missing_lines": [], "excluded_lines": []}, "Database._get_connection": {"executed_lines": [29, 30, 31, 32, 33, 38], "summary": {"covered_lines": 6, "num_statements": 9, "percent_covered": 66.66666666666667, "percent_covered_display": "67", "missing_lines": 3, "excluded_lines": 0}, "missing_lines": [34, 35, 36], "excluded_lines": []}, "Database._init_schema": {"executed_lines": [42, 43, 46, 57, 69], "summary": {"covered_lines": 5, "num_statements": 5, "percent_covered": 100.0, "percent_covered_display": "100", "missing_lines": 0, "excluded_lines": 0}, "missing_lines": [], "excluded_lines": []}, "Database.add_project": {"executed_lines": [85, 86, 87, 91], "summary": {"covered_lines": 4, "num_statements": 4, "percent_covered": 100.0, "percent_covered_display": "100", "missing_lines": 0, "excluded_lines": 0}, "missing_lines": [], "excluded_lines": []}, "Database.get_project": {"executed_lines": [95, 96, 97, 98, 99], "summary": {"covered_lines": 5, "num_statements": 5, "percent_covered": 100.0, "percent_covered_display": "100", "missing_lines": 0, "excluded_lines": 0}, "missing_lines": [], "excluded_lines": []}, "Database.add_prompt": {"executed_lines": [103, 104, 106, 107, 111], "summary": {"covered_lines": 5, "num_statements": 5, "percent_covered": 100.0, "percent_covered_display": "100", "missing_lines": 0, "excluded_lines": 0}, "missing_lines": [], "excluded_lines": []}, "Database.get_prompts": {"executed_lines": [115, 116, 117, 123], "summary": {"covered_lines": 4, "num_statements": 4, "percent_covered": 100.0, "percent_covered_display": "100", "missing_lines": 0, "excluded_lines": 0}, "missing_lines": [], "excluded_lines": []}, "Database.add_iteration": {"executed_lines": [128, 129, 130, 135], "summary": {"covered_lines": 4, "num_statements": 4, "percent_covered": 100.0, "percent_covered_display": "100", "missing_lines": 0, "excluded_lines": 0}, "missing_lines": [], "excluded_lines": []}, "Database.update_iteration": {"executed_lines": [139, 140, 141], "summary": {"covered_lines": 3, "num_statements": 3, "percent_covered": 100.0, "percent_covered_display": "100", "missing_lines": 0, "excluded_lines": 0}, "missing_lines": [], "excluded_lines": []}, "": {"executed_lines": [1, 2, 4, 5, 6, 7, 8, 11, 12, 21, 26, 27, 40, 83, 93, 101, 113, 125, 137, 148], "summary": {"covered_lines": 18, "num_statements": 18, "percent_covered": 100.0, "percent_covered_display": "100", "missing_lines": 0, "excluded_lines": 0}, "missing_lines": [], "excluded_lines": []}}, "classes": {"Database": {"executed_lines": [22, 23, 24, 29, 30, 31, 32, 33, 38, 42, 43, 46, 57, 69, 85, 86, 87, 91, 95, 96, 97, 98, 99, 103, 104, 106, 107, 111, 115, 116, 117, 123, 128, 129, 130, 135, 139, 140, 141], "summary": {"covered_lines": 39, "num_statements": 42, "percent_covered": 92.85714285714286, "percent_covered_display": "93", "missing_lines": 3, "excluded_lines": 0}, "missing_lines": [34, 35, 36], "excluded_lines": []}, "": {"executed_lines": [1, 2, 4, 5, 6, 7, 8, 11, 12, 21, 26, 27, 40, 83, 93, 101, 113, 125, 137, 148], "summary": {"covered_lines": 18, "num_statements": 18, "percent_covered": 100.0, "percent_covered_display": "100", "missing_lines": 0, "excluded_lines": 0}, "missing_lines": [], "excluded_lines": []}}}, "core\\event_bus.py": {"executed_lines": [1, 2, 4, 5, 8, 9, 19, 20, 22, 23, 24, 25, 26, 27, 28, 30, 32, 33, 34, 35, 37, 39, 40, 41, 43, 45, 46, 47, 48, 49, 50, 52, 54, 57], "summary": {"covered_lines": 32, "num_statements": 32, "percent_covered": 100.0, "percent_covered_display": "100", "missing_lines": 0, "excluded_lines": 0}, "missing_lines": [], "excluded_lines": [], "functions": {"EventBus.__new__": {"executed_lines": [23, 24, 25, 26, 27, 28], "summary": {"covered_lines": 6, "num_statements": 6, "percent_covered": 100.0, "percent_covered_display": "100", "missing_lines": 0, "excluded_lines": 0}, "missing_lines": [], "excluded_lines": []}, "EventBus.subscribe": {"executed_lines": [32, 33, 34, 35], "summary": {"covered_lines": 4, "num_statements": 4, "percent_covered": 100.0, "percent_covered_display": "100", "missing_lines": 0, "excluded_lines": 0}, "missing_lines": [], "excluded_lines": []}, "EventBus.unsubscribe": {"executed_lines": [39, 40, 41], "summary": {"covered_lines": 3, "num_statements": 3, "percent_covered": 100.0, "percent_covered_display": "100", "missing_lines": 0, "excluded_lines": 0}, "missing_lines": [], "excluded_lines": []}, "EventBus.emit": {"executed_lines": [45, 46, 47, 48, 49, 50], "summary": {"covered_lines": 6, "num_statements": 6, "percent_covered": 100.0, "percent_covered_display": "100", "missing_lines": 0, "excluded_lines": 0}, "missing_lines": [], "excluded_lines": []}, "EventBus.clear_all": {"executed_lines": [54], "summary": {"covered_lines": 1, "num_statements": 1, "percent_covered": 100.0, "percent_covered_display": "100", "missing_lines": 0, "excluded_lines": 0}, "missing_lines": [], "excluded_lines": []}, "": {"executed_lines": [1, 2, 4, 5, 8, 9, 19, 20, 22, 30, 37, 43, 52, 57], "summary": {"covered_lines": 12, "num_statements": 12, "percent_covered": 100.0, "percent_covered_display": "100", "missing_lines": 0, "excluded_lines": 0}, "missing_lines": [], "excluded_lines": []}}, "classes": {"EventBus": {"executed_lines": [23, 24, 25, 26, 27, 28, 32, 33, 34, 35, 39, 40, 41, 45, 46, 47, 48, 49, 50, 54], "summary": {"covered_lines": 20, "num_statements": 20, "percent_covered": 100.0, "percent_covered_display": "100", "missing_lines": 0, "excluded_lines": 0}, "missing_lines": [], "excluded_lines": []}, "": {"executed_lines": [1, 2, 4, 5, 8, 9, 19, 20, 22, 30, 37, 43, 52, 57], "summary": {"covered_lines": 12, "num_statements": 12, "percent_covered": 100.0, "percent_covered_display": "100", "missing_lines": 0, "excluded_lines": 0}, "missing_lines": [], "excluded_lines": []}}}, "core\\incremental_workflow.py": {"executed_lines": [1, 2, 4, 5, 6, 7, 8, 9, 12, 13, 14, 15, 16, 17, 18, 19, 20, 21, 22, 25, 26, 36, 37, 38, 39, 40, 42, 44, 45, 46, 47, 48, 50, 51, 55, 57, 59, 65, 66, 68, 83, 84, 86, 88, 96, 97, 99, 101, 118, 121, 122, 123, 124, 125, 127, 128, 130, 141, 144, 145, 146, 147, 149, 150, 152, 162, 164, 174, 176, 177, 180, 182, 184, 191, 193, 194, 198, 205, 207, 217, 218, 219, 220, 222, 232], "summary": {"covered_lines": 82, "num_statements": 88, "percent_covered": 93.18181818181819, "percent_covered_display": "93", "missing_lines": 6, "excluded_lines": 0}, "missing_lines": [52, 53, 119, 142, 196, 208], "excluded_lines": [], "functions": {"IncrementalWorkflow.__init__": {"executed_lines": [37, 38, 39, 40], "summary": {"covered_lines": 4, "num_statements": 4, "percent_covered": 100.0, "percent_covered_display": "100", "missing_lines": 0, "excluded_lines": 0}, "missing_lines": [], "excluded_lines": []}, "IncrementalWorkflow._load_workflow": {"executed_lines": [44, 45, 46, 47, 48, 50, 51, 55], "summary": {"covered_lines": 8, "num_statements": 10, "percent_covered": 80.0, "percent_covered_display": "80", "missing_lines": 2, "excluded_lines": 0}, "missing_lines": [52, 53], "excluded_lines": []}, "IncrementalWorkflow._save_workflow": {"executed_lines": [59, 65, 66], "summary": {"covered_lines": 3, "num_statements": 3, "percent_covered": 100.0, "percent_covered_display": "100", "missing_lines": 0, "excluded_lines": 0}, "missing_lines": [], "excluded_lines": []}, "IncrementalWorkflow.create_iteration": {"executed_lines": [83, 84, 86, 88, 96, 97, 99], "summary": {"covered_lines": 7, "num_statements": 7, "percent_covered": 100.0, "percent_covered_display": "100", "missing_lines": 0, "excluded_lines": 0}, "missing_lines": [], "excluded_lines": []}, "IncrementalWorkflow.complete_iteration": {"executed_lines": [118, 121, 122, 123, 124, 125, 127, 128], "summary": {"covered_lines": 8, "num_statements": 9, "percent_covered": 88.88888888888889, "percent_covered_display": "89", "missing_lines": 1, "excluded_lines": 0}, "missing_lines": [119], "excluded_lines": []}, "IncrementalWorkflow.fail_iteration": {"executed_lines": [141, 144, 145, 146, 147, 149, 150], "summary": {"covered_lines": 7, "num_statements": 8, "percent_covered": 87.5, "percent_covered_display": "88", "missing_lines": 1, "excluded_lines": 0}, "missing_lines": [142], "excluded_lines": []}, "IncrementalWorkflow.get_iteration": {"executed_lines": [162], "summary": {"covered_lines": 1, "num_statements": 1, "percent_covered": 100.0, "percent_covered_display": "100", "missing_lines": 0, "excluded_lines": 0}, "missing_lines": [], "excluded_lines": []}, "IncrementalWorkflow.list_iterations": {"executed_lines": [174, 176, 177, 180, 182], "summary": {"covered_lines": 5, "num_statements": 5, "percent_covered": 100.0, "percent_covered_display": "100", "missing_lines": 0, "excluded_lines": 0}, "missing_lines": [], "excluded_lines": []}, "IncrementalWorkflow.get_current_iteration": {"executed_lines": [191, 193, 194], "summary": {"covered_lines": 3, "num_statements": 4, "percent_covered": 75.0, "percent_covered_display": "75", "missing_lines": 1, "excluded_lines": 0}, "missing_lines": [196], "excluded_lines": []}, "IncrementalWorkflow.get_progress": {"executed_lines": [205, 207, 217, 218, 219, 220, 222], "summary": {"covered_lines": 7, "num_statements": 8, "percent_covered": 87.5, "percent_covered_display": "88", "missing_lines": 1, "excluded_lines": 0}, "missing_lines": [208], "excluded_lines": []}, "": {"executed_lines": [1, 2, 4, 5, 6, 7, 8, 9, 12, 13, 14, 15, 16, 17, 18, 19, 20, 21, 22, 25, 26, 36, 42, 57, 68, 101, 130, 152, 164, 184, 198, 232], "summary": {"covered_lines": 29, "num_statements": 29, "percent_covered": 100.0, "percent_covered_display": "100", "missing_lines": 0, "excluded_lines": 0}, "missing_lines": [], "excluded_lines": []}}, "classes": {"Iteration": {"executed_lines": [], "summary": {"covered_lines": 0, "num_statements": 0, "percent_covered": 100.0, "percent_covered_display": "100", "missing_lines": 0, "excluded_lines": 0}, "missing_lines": [], "excluded_lines": []}, "IncrementalWorkflow": {"executed_lines": [37, 38, 39, 40, 44, 45, 46, 47, 48, 50, 51, 55, 59, 65, 66, 83, 84, 86, 88, 96, 97, 99, 118, 121, 122, 123, 124, 125, 127, 128, 141, 144, 145, 146, 147, 149, 150, 162, 174, 176, 177, 180, 182, 191, 193, 194, 205, 207, 217, 218, 219, 220, 222], "summary": {"covered_lines": 53, "num_statements": 59, "percent_covered": 89.83050847457628, "percent_covered_display": "90", "missing_lines": 6, "excluded_lines": 0}, "missing_lines": [52, 53, 119, 142, 196, 208], "excluded_lines": []}, "": {"executed_lines": [1, 2, 4, 5, 6, 7, 8, 9, 12, 13, 14, 15, 16, 17, 18, 19, 20, 21, 22, 25, 26, 36, 42, 57, 68, 101, 130, 152, 164, 184, 198, 232], "summary": {"covered_lines": 29, "num_statements": 29, "percent_covered": 100.0, "percent_covered_display": "100", "missing_lines": 0, "excluded_lines": 0}, "missing_lines": [], "excluded_lines": []}}}, "core\\next_prompt_generator.py": {"executed_lines": [1, 2, 4, 5, 6, 9, 10, 11, 12, 13, 14, 15, 16, 17, 18, 21, 22, 23, 24, 25, 26, 27, 28, 31, 32, 42, 43, 45, 47, 117, 134, 135, 137, 140, 151, 152, 154, 156, 164, 167, 169, 171, 173, 183, 185, 202, 204, 206, 207, 209, 212], "summary": {"covered_lines": 47, "num_statements": 47, "percent_covered": 100.0, "percent_covered_display": "100", "missing_lines": 0, "excluded_lines": 0}, "missing_lines": [], "excluded_lines": [], "functions": {"NextPromptGenerator.__init__": {"executed_lines": [43], "summary": {"covered_lines": 1, "num_statements": 1, "percent_covered": 100.0, "percent_covered_display": "100", "missing_lines": 0, "excluded_lines": 0}, "missing_lines": [], "excluded_lines": []}, "NextPromptGenerator._load_templates": {"executed_lines": [47], "summary": {"covered_lines": 1, "num_statements": 1, "percent_covered": 100.0, "percent_covered_display": "100", "missing_lines": 0, "excluded_lines": 0}, "missing_lines": [], "excluded_lines": []}, "NextPromptGenerator.generate_suggestions": {"executed_lines": [134, 135, 137, 140, 151, 152, 154, 156, 164, 167, 169], "summary": {"covered_lines": 11, "num_statements": 11, "percent_covered": 100.0, "percent_covered_display": "100", "missing_lines": 0, "excluded_lines": 0}, "missing_lines": [], "excluded_lines": []}, "NextPromptGenerator._get_description": {"executed_lines": [173, 183], "summary": {"covered_lines": 2, "num_statements": 2, "percent_covered": 100.0, "percent_covered_display": "100", "missing_lines": 0, "excluded_lines": 0}, "missing_lines": [], "excluded_lines": []}, "NextPromptGenerator.generate_custom_prompt": {"executed_lines": [202, 204, 206, 207, 209], "summary": {"covered_lines": 5, "num_statements": 5, "percent_covered": 100.0, "percent_covered_display": "100", "missing_lines": 0, "excluded_lines": 0}, "missing_lines": [], "excluded_lines": []}, "": {"executed_lines": [1, 2, 4, 5, 6, 9, 10, 11, 12, 13, 14, 15, 16, 17, 18, 21, 22, 23, 24, 25, 26, 27, 28, 31, 32, 42, 45, 117, 171, 185, 212], "summary": {"covered_lines": 27, "num_statements": 27, "percent_covered": 100.0, "percent_covered_display": "100", "missing_lines": 0, "excluded_lines": 0}, "missing_lines": [], "excluded_lines": []}}, "classes": {"TaskType": {"executed_lines": [], "summary": {"covered_lines": 0, "num_statements": 0, "percent_covered": 100.0, "percent_covered_display": "100", "missing_lines": 0, "excluded_lines": 0}, "missing_lines": [], "excluded_lines": []}, "PromptSuggestion": {"executed_lines": [], "summary": {"covered_lines": 0, "num_statements": 0, "percent_covered": 100.0, "percent_covered_display": "100", "missing_lines": 0, "excluded_lines": 0}, "missing_lines": [], "excluded_lines": []}, "NextPromptGenerator": {"executed_lines": [43, 47, 134, 135, 137, 140, 151, 152, 154, 156, 164, 167, 169, 173, 183, 202, 204, 206, 207, 209], "summary": {"covered_lines": 20, "num_statements": 20, "percent_covered": 100.0, "percent_covered_display": "100", "missing_lines": 0, "excluded_lines": 0}, "missing_lines": [], "excluded_lines": []}, "": {"executed_lines": [1, 2, 4, 5, 6, 9, 10, 11, 12, 13, 14, 15, 16, 17, 18, 21, 22, 23, 24, 25, 26, 27, 28, 31, 32, 42, 45, 117, 171, 185, 212], "summary": {"covered_lines": 27, "num_statements": 27, "percent_covered": 100.0, "percent_covered_display": "100", "missing_lines": 0, "excluded_lines": 0}, "missing_lines": [], "excluded_lines": []}}}, "tasks\\__init__.py": {"executed_lines": [1], "summary": {"covered_lines": 0, "num_statements": 0, "percent_covered": 100.0, "percent_covered_display": "100", "missing_lines": 0, "excluded_lines": 0}, "missing_lines": [], "excluded_lines": [], "functions": {"": {"executed_lines": [1], "summary": {"covered_lines": 0, "num_statements": 0, "percent_covered": 100.0, "percent_covered_display": "100", "missing_lines": 0, "excluded_lines": 0}, "missing_lines": [], "excluded_lines": []}}, "classes": {"": {"executed_lines": [1], "summary": {"covered_lines": 0, "num_statements": 0, "percent_covered": 100.0, "percent_covered_display": "100", "missing_lines": 0, "excluded_lines": 0}, "missing_lines": [], "excluded_lines": []}}}, "tasks\\analyze_code_quality.py": {"executed_lines": [1, 2, 4, 5, 6, 7, 10, 11, 21, 22, 23, 25, 36, 37, 39, 44, 46, 56, 58, 67], "summary": {"covered_lines": 18, "num_statements": 18, "percent_covered": 100.0, "percent_covered_display": "100", "missing_lines": 0, "excluded_lines": 0}, "missing_lines": [], "excluded_lines": [], "functions": {"AnalyzeCodeQuality.__init__": {"executed_lines": [22, 23], "summary": {"covered_lines": 2, "num_statements": 2, "percent_covered": 100.0, "percent_covered_display": "100", "missing_lines": 0, "excluded_lines": 0}, "missing_lines": [], "excluded_lines": []}, "AnalyzeCodeQuality.analyze": {"executed_lines": [36, 37, 39, 44], "summary": {"covered_lines": 4, "num_statements": 4, "percent_covered": 100.0, "percent_covered_display": "100", "missing_lines": 0, "excluded_lines": 0}, "missing_lines": [], "excluded_lines": []}, "AnalyzeCodeQuality.get_suggestions": {"executed_lines": [56, 58], "summary": {"covered_lines": 2, "num_statements": 2, "percent_covered": 100.0, "percent_covered_display": "100", "missing_lines": 0, "excluded_lines": 0}, "missing_lines": [], "excluded_lines": []}, "": {"executed_lines": [1, 2, 4, 5, 6, 7, 10, 11, 21, 25, 46, 67], "summary": {"covered_lines": 10, "num_statements": 10, "percent_covered": 100.0, "percent_covered_display": "100", "missing_lines": 0, "excluded_lines": 0}, "missing_lines": [], "excluded_lines": []}}, "classes": {"AnalyzeCodeQuality": {"executed_lines": [22, 23, 36, 37, 39, 44, 56, 58], "summary": {"covered_lines": 8, "num_statements": 8, "percent_covered": 100.0, "percent_covered_display": "100", "missing_lines": 0, "excluded_lines": 0}, "missing_lines": [], "excluded_lines": []}, "": {"executed_lines": [1, 2, 4, 5, 6, 7, 10, 11, 21, 25, 46, 67], "summary": {"covered_lines": 10, "num_statements": 10, "percent_covered": 100.0, "percent_covered_display": "100", "missing_lines": 0, "excluded_lines": 0}, "missing_lines": [], "excluded_lines": []}}}, "tasks\\architecture_review.py": {"executed_lines": [1, 2, 4, 5, 6, 9, 10, 20, 21, 23, 34, 35, 37, 57, 59, 69, 71, 80], "summary": {"covered_lines": 16, "num_statements": 16, "percent_covered": 100.0, "percent_covered_display": "100", "missing_lines": 0, "excluded_lines": 0}, "missing_lines": [], "excluded_lines": [], "functions": {"ArchitectureReview.__init__": {"executed_lines": [21], "summary": {"covered_lines": 1, "num_statements": 1, "percent_covered": 100.0, "percent_covered_display": "100", "missing_lines": 0, "excluded_lines": 0}, "missing_lines": [], "excluded_lines": []}, "ArchitectureReview.review": {"executed_lines": [34, 35, 37, 57], "summary": {"covered_lines": 4, "num_statements": 4, "percent_covered": 100.0, "percent_covered_display": "100", "missing_lines": 0, "excluded_lines": 0}, "missing_lines": [], "excluded_lines": []}, "ArchitectureReview.get_review": {"executed_lines": [69, 71], "summary": {"covered_lines": 2, "num_statements": 2, "percent_covered": 100.0, "percent_covered_display": "100", "missing_lines": 0, "excluded_lines": 0}, "missing_lines": [], "excluded_lines": []}, "": {"executed_lines": [1, 2, 4, 5, 6, 9, 10, 20, 23, 59, 80], "summary": {"covered_lines": 9, "num_statements": 9, "percent_covered": 100.0, "percent_covered_display": "100", "missing_lines": 0, "excluded_lines": 0}, "missing_lines": [], "excluded_lines": []}}, "classes": {"ArchitectureReview": {"executed_lines": [21, 34, 35, 37, 57, 69, 71], "summary": {"covered_lines": 7, "num_statements": 7, "percent_covered": 100.0, "percent_covered_display": "100", "missing_lines": 0, "excluded_lines": 0}, "missing_lines": [], "excluded_lines": []}, "": {"executed_lines": [1, 2, 4, 5, 6, 9, 10, 20, 23, 59, 80], "summary": {"covered_lines": 9, "num_statements": 9, "percent_covered": 100.0, "percent_covered_display": "100", "missing_lines": 0, "excluded_lines": 0}, "missing_lines": [], "excluded_lines": []}}}, "tasks\\code_style_fix.py": {"executed_lines": [1, 2, 4, 5, 6, 9, 10, 20, 21, 23, 34, 35, 37, 50, 52, 62, 64, 73], "summary": {"covered_lines": 16, "num_statements": 16, "percent_covered": 100.0, "percent_covered_display": "100", "missing_lines": 0, "excluded_lines": 0}, "missing_lines": [], "excluded_lines": [], "functions": {"CodeStyleFix.__init__": {"executed_lines": [21], "summary": {"covered_lines": 1, "num_statements": 1, "percent_covered": 100.0, "percent_covered_display": "100", "missing_lines": 0, "excluded_lines": 0}, "missing_lines": [], "excluded_lines": []}, "CodeStyleFix.fix": {"executed_lines": [34, 35, 37, 50], "summary": {"covered_lines": 4, "num_statements": 4, "percent_covered": 100.0, "percent_covered_display": "100", "missing_lines": 0, "excluded_lines": 0}, "missing_lines": [], "excluded_lines": []}, "CodeStyleFix.get_style_fixes": {"executed_lines": [62, 64], "summary": {"covered_lines": 2, "num_statements": 2, "percent_covered": 100.0, "percent_covered_display": "100", "missing_lines": 0, "excluded_lines": 0}, "missing_lines": [], "excluded_lines": []}, "": {"executed_lines": [1, 2, 4, 5, 6, 9, 10, 20, 23, 52, 73], "summary": {"covered_lines": 9, "num_statements": 9, "percent_covered": 100.0, "percent_covered_display": "100", "missing_lines": 0, "excluded_lines": 0}, "missing_lines": [], "excluded_lines": []}}, "classes": {"CodeStyleFix": {"executed_lines": [21, 34, 35, 37, 50, 62, 64], "summary": {"covered_lines": 7, "num_statements": 7, "percent_covered": 100.0, "percent_covered_display": "100", "missing_lines": 0, "excluded_lines": 0}, "missing_lines": [], "excluded_lines": []}, "": {"executed_lines": [1, 2, 4, 5, 6, 9, 10, 20, 23, 52, 73], "summary": {"covered_lines": 9, "num_statements": 9, "percent_covered": 100.0, "percent_covered_display": "100", "missing_lines": 0, "excluded_lines": 0}, "missing_lines": [], "excluded_lines": []}}}, "tasks\\dependency_check.py": {"executed_lines": [1, 2, 4, 5, 6, 7, 10, 11, 21, 22, 24, 35, 36, 39, 40, 41, 42, 45, 46, 47, 48, 49, 50, 51, 53, 66, 68, 78, 80, 89], "summary": {"covered_lines": 28, "num_statements": 28, "percent_covered": 100.0, "percent_covered_display": "100", "missing_lines": 0, "excluded_lines": 0}, "missing_lines": [], "excluded_lines": [], "functions": {"DependencyCheck.__init__": {"executed_lines": [22], "summary": {"covered_lines": 1, "num_statements": 1, "percent_covered": 100.0, "percent_covered_display": "100", "missing_lines": 0, "excluded_lines": 0}, "missing_lines": [], "excluded_lines": []}, "DependencyCheck.check": {"executed_lines": [35, 36, 39, 40, 41, 42, 45, 46, 47, 48, 49, 50, 51, 53, 66], "summary": {"covered_lines": 15, "num_statements": 15, "percent_covered": 100.0, "percent_covered_display": "100", "missing_lines": 0, "excluded_lines": 0}, "missing_lines": [], "excluded_lines": []}, "DependencyCheck.get_dependency_report": {"executed_lines": [78, 80], "summary": {"covered_lines": 2, "num_statements": 2, "percent_covered": 100.0, "percent_covered_display": "100", "missing_lines": 0, "excluded_lines": 0}, "missing_lines": [], "excluded_lines": []}, "": {"executed_lines": [1, 2, 4, 5, 6, 7, 10, 11, 21, 24, 68, 89], "summary": {"covered_lines": 10, "num_statements": 10, "percent_covered": 100.0, "percent_covered_display": "100", "missing_lines": 0, "excluded_lines": 0}, "missing_lines": [], "excluded_lines": []}}, "classes": {"DependencyCheck": {"executed_lines": [22, 35, 36, 39, 40, 41, 42, 45, 46, 47, 48, 49, 50, 51, 53, 66, 78, 80], "summary": {"covered_lines": 18, "num_statements": 18, "percent_covered": 100.0, "percent_covered_display": "100", "missing_lines": 0, "excluded_lines": 0}, "missing_lines": [], "excluded_lines": []}, "": {"executed_lines": [1, 2, 4, 5, 6, 7, 10, 11, 21, 24, 68, 89], "summary": {"covered_lines": 10, "num_statements": 10, "percent_covered": 100.0, "percent_covered_display": "100", "missing_lines": 0, "excluded_lines": 0}, "missing_lines": [], "excluded_lines": []}}}, "tasks\\documentation_generator.py": {"executed_lines": [1, 2, 4, 5, 6, 7, 10, 11, 21, 22, 23, 25, 36, 37, 39, 44, 46, 56, 58, 67], "summary": {"covered_lines": 18, "num_statements": 18, "percent_covered": 100.0, "percent_covered_display": "100", "missing_lines": 0, "excluded_lines": 0}, "missing_lines": [], "excluded_lines": [], "functions": {"DocumentationGenerator.__init__": {"executed_lines": [22, 23], "summary": {"covered_lines": 2, "num_statements": 2, "percent_covered": 100.0, "percent_covered_display": "100", "missing_lines": 0, "excluded_lines": 0}, "missing_lines": [], "excluded_lines": []}, "DocumentationGenerator.generate": {"executed_lines": [36, 37, 39, 44], "summary": {"covered_lines": 4, "num_statements": 4, "percent_covered": 100.0, "percent_covered_display": "100", "missing_lines": 0, "excluded_lines": 0}, "missing_lines": [], "excluded_lines": []}, "DocumentationGenerator.get_documentation": {"executed_lines": [56, 58], "summary": {"covered_lines": 2, "num_statements": 2, "percent_covered": 100.0, "percent_covered_display": "100", "missing_lines": 0, "excluded_lines": 0}, "missing_lines": [], "excluded_lines": []}, "": {"executed_lines": [1, 2, 4, 5, 6, 7, 10, 11, 21, 25, 46, 67], "summary": {"covered_lines": 10, "num_statements": 10, "percent_covered": 100.0, "percent_covered_display": "100", "missing_lines": 0, "excluded_lines": 0}, "missing_lines": [], "excluded_lines": []}}, "classes": {"DocumentationGenerator": {"executed_lines": [22, 23, 36, 37, 39, 44, 56, 58], "summary": {"covered_lines": 8, "num_statements": 8, "percent_covered": 100.0, "percent_covered_display": "100", "missing_lines": 0, "excluded_lines": 0}, "missing_lines": [], "excluded_lines": []}, "": {"executed_lines": [1, 2, 4, 5, 6, 7, 10, 11, 21, 25, 46, 67], "summary": {"covered_lines": 10, "num_statements": 10, "percent_covered": 100.0, "percent_covered_display": "100", "missing_lines": 0, "excluded_lines": 0}, "missing_lines": [], "excluded_lines": []}}}, "tasks\\find_bugs.py": {"executed_lines": [1, 2, 4, 5, 6, 7, 10, 11, 21, 22, 23, 25, 36, 37, 39, 44, 46, 56, 58, 67], "summary": {"covered_lines": 18, "num_statements": 18, "percent_covered": 100.0, "percent_covered_display": "100", "missing_lines": 0, "excluded_lines": 0}, "missing_lines": [], "excluded_lines": [], "functions": {"FindBugs.__init__": {"executed_lines": [22, 23], "summary": {"covered_lines": 2, "num_statements": 2, "percent_covered": 100.0, "percent_covered_display": "100", "missing_lines": 0, "excluded_lines": 0}, "missing_lines": [], "excluded_lines": []}, "FindBugs.find": {"executed_lines": [36, 37, 39, 44], "summary": {"covered_lines": 4, "num_statements": 4, "percent_covered": 100.0, "percent_covered_display": "100", "missing_lines": 0, "excluded_lines": 0}, "missing_lines": [], "excluded_lines": []}, "FindBugs.get_bug_report": {"executed_lines": [56, 58], "summary": {"covered_lines": 2, "num_statements": 2, "percent_covered": 100.0, "percent_covered_display": "100", "missing_lines": 0, "excluded_lines": 0}, "missing_lines": [], "excluded_lines": []}, "": {"executed_lines": [1, 2, 4, 5, 6, 7, 10, 11, 21, 25, 46, 67], "summary": {"covered_lines": 10, "num_statements": 10, "percent_covered": 100.0, "percent_covered_display": "100", "missing_lines": 0, "excluded_lines": 0}, "missing_lines": [], "excluded_lines": []}}, "classes": {"FindBugs": {"executed_lines": [22, 23, 36, 37, 39, 44, 56, 58], "summary": {"covered_lines": 8, "num_statements": 8, "percent_covered": 100.0, "percent_covered_display": "100", "missing_lines": 0, "excluded_lines": 0}, "missing_lines": [], "excluded_lines": []}, "": {"executed_lines": [1, 2, 4, 5, 6, 7, 10, 11, 21, 25, 46, 67], "summary": {"covered_lines": 10, "num_statements": 10, "percent_covered": 100.0, "percent_covered_display": "100", "missing_lines": 0, "excluded_lines": 0}, "missing_lines": [], "excluded_lines": []}}}, "tasks\\generate_tests.py": {"executed_lines": [1, 2, 4, 5, 6, 7, 10, 11, 21, 22, 23, 25, 36, 37, 39, 44, 46, 56, 58, 67], "summary": {"covered_lines": 18, "num_statements": 18, "percent_covered": 100.0, "percent_covered_display": "100", "missing_lines": 0, "excluded_lines": 0}, "missing_lines": [], "excluded_lines": [], "functions": {"GenerateTests.__init__": {"executed_lines": [22, 23], "summary": {"covered_lines": 2, "num_statements": 2, "percent_covered": 100.0, "percent_covered_display": "100", "missing_lines": 0, "excluded_lines": 0}, "missing_lines": [], "excluded_lines": []}, "GenerateTests.generate": {"executed_lines": [36, 37, 39, 44], "summary": {"covered_lines": 4, "num_statements": 4, "percent_covered": 100.0, "percent_covered_display": "100", "missing_lines": 0, "excluded_lines": 0}, "missing_lines": [], "excluded_lines": []}, "GenerateTests.get_test_suite": {"executed_lines": [56, 58], "summary": {"covered_lines": 2, "num_statements": 2, "percent_covered": 100.0, "percent_covered_display": "100", "missing_lines": 0, "excluded_lines": 0}, "missing_lines": [], "excluded_lines": []}, "": {"executed_lines": [1, 2, 4, 5, 6, 7, 10, 11, 21, 25, 46, 67], "summary": {"covered_lines": 10, "num_statements": 10, "percent_covered": 100.0, "percent_covered_display": "100", "missing_lines": 0, "excluded_lines": 0}, "missing_lines": [], "excluded_lines": []}}, "classes": {"GenerateTests": {"executed_lines": [22, 23, 36, 37, 39, 44, 56, 58], "summary": {"covered_lines": 8, "num_statements": 8, "percent_covered": 100.0, "percent_covered_display": "100", "missing_lines": 0, "excluded_lines": 0}, "missing_lines": [], "excluded_lines": []}, "": {"executed_lines": [1, 2, 4, 5, 6, 7, 10, 11, 21, 25, 46, 67], "summary": {"covered_lines": 10, "num_statements": 10, "percent_covered": 100.0, "percent_covered_display": "100", "missing_lines": 0, "excluded_lines": 0}, "missing_lines": [], "excluded_lines": []}}}, "tasks\\migration_helper.py": {"executed_lines": [1, 2, 4, 5, 6, 9, 10, 20, 21, 23, 35, 36, 38, 56, 58, 69, 71, 80], "summary": {"covered_lines": 16, "num_statements": 16, "percent_covered": 100.0, "percent_covered_display": "100", "missing_lines": 0, "excluded_lines": 0}, "missing_lines": [], "excluded_lines": [], "functions": {"MigrationHelper.__init__": {"executed_lines": [21], "summary": {"covered_lines": 1, "num_statements": 1, "percent_covered": 100.0, "percent_covered_display": "100", "missing_lines": 0, "excluded_lines": 0}, "missing_lines": [], "excluded_lines": []}, "MigrationHelper.help_migrate": {"executed_lines": [35, 36, 38, 56], "summary": {"covered_lines": 4, "num_statements": 4, "percent_covered": 100.0, "percent_covered_display": "100", "missing_lines": 0, "excluded_lines": 0}, "missing_lines": [], "excluded_lines": []}, "MigrationHelper.get_migration_guide": {"executed_lines": [69, 71], "summary": {"covered_lines": 2, "num_statements": 2, "percent_covered": 100.0, "percent_covered_display": "100", "missing_lines": 0, "excluded_lines": 0}, "missing_lines": [], "excluded_lines": []}, "": {"executed_lines": [1, 2, 4, 5, 6, 9, 10, 20, 23, 58, 80], "summary": {"covered_lines": 9, "num_statements": 9, "percent_covered": 100.0, "percent_covered_display": "100", "missing_lines": 0, "excluded_lines": 0}, "missing_lines": [], "excluded_lines": []}}, "classes": {"MigrationHelper": {"executed_lines": [21, 35, 36, 38, 56, 69, 71], "summary": {"covered_lines": 7, "num_statements": 7, "percent_covered": 100.0, "percent_covered_display": "100", "missing_lines": 0, "excluded_lines": 0}, "missing_lines": [], "excluded_lines": []}, "": {"executed_lines": [1, 2, 4, 5, 6, 9, 10, 20, 23, 58, 80], "summary": {"covered_lines": 9, "num_statements": 9, "percent_covered": 100.0, "percent_covered_display": "100", "missing_lines": 0, "excluded_lines": 0}, "missing_lines": [], "excluded_lines": []}}}, "tasks\\optimize_performance.py": {"executed_lines": [1, 2, 4, 5, 6, 7, 10, 11, 21, 22, 23, 25, 36, 37, 39, 44, 46, 56, 58, 67], "summary": {"covered_lines": 18, "num_statements": 18, "percent_covered": 100.0, "percent_covered_display": "100", "missing_lines": 0, "excluded_lines": 0}, "missing_lines": [], "excluded_lines": [], "functions": {"OptimizePerformance.__init__": {"executed_lines": [22, 23], "summary": {"covered_lines": 2, "num_statements": 2, "percent_covered": 100.0, "percent_covered_display": "100", "missing_lines": 0, "excluded_lines": 0}, "missing_lines": [], "excluded_lines": []}, "OptimizePerformance.optimize": {"executed_lines": [36, 37, 39, 44], "summary": {"covered_lines": 4, "num_statements": 4, "percent_covered": 100.0, "percent_covered_display": "100", "missing_lines": 0, "excluded_lines": 0}, "missing_lines": [], "excluded_lines": []}, "OptimizePerformance.get_optimization_report": {"executed_lines": [56, 58], "summary": {"covered_lines": 2, "num_statements": 2, "percent_covered": 100.0, "percent_covered_display": "100", "missing_lines": 0, "excluded_lines": 0}, "missing_lines": [], "excluded_lines": []}, "": {"executed_lines": [1, 2, 4, 5, 6, 7, 10, 11, 21, 25, 46, 67], "summary": {"covered_lines": 10, "num_statements": 10, "percent_covered": 100.0, "percent_covered_display": "100", "missing_lines": 0, "excluded_lines": 0}, "missing_lines": [], "excluded_lines": []}}, "classes": {"OptimizePerformance": {"executed_lines": [22, 23, 36, 37, 39, 44, 56, 58], "summary": {"covered_lines": 8, "num_statements": 8, "percent_covered": 100.0, "percent_covered_display": "100", "missing_lines": 0, "excluded_lines": 0}, "missing_lines": [], "excluded_lines": []}, "": {"executed_lines": [1, 2, 4, 5, 6, 7, 10, 11, 21, 25, 46, 67], "summary": {"covered_lines": 10, "num_statements": 10, "percent_covered": 100.0, "percent_covered_display": "100", "missing_lines": 0, "excluded_lines": 0}, "missing_lines": [], "excluded_lines": []}}}, "tasks\\performance_profiling.py": {"executed_lines": [1, 2, 4, 5, 6, 9, 10, 20, 21, 23, 34, 35, 36, 38, 55, 57, 67, 69, 78], "summary": {"covered_lines": 17, "num_statements": 17, "percent_covered": 100.0, "percent_covered_display": "100", "missing_lines": 0, "excluded_lines": 0}, "missing_lines": [], "excluded_lines": [], "functions": {"PerformanceProfiling.__init__": {"executed_lines": [21], "summary": {"covered_lines": 1, "num_statements": 1, "percent_covered": 100.0, "percent_covered_display": "100", "missing_lines": 0, "excluded_lines": 0}, "missing_lines": [], "excluded_lines": []}, "PerformanceProfiling.profile": {"executed_lines": [34, 35, 36, 38, 55], "summary": {"covered_lines": 5, "num_statements": 5, "percent_covered": 100.0, "percent_covered_display": "100", "missing_lines": 0, "excluded_lines": 0}, "missing_lines": [], "excluded_lines": []}, "PerformanceProfiling.get_profile_report": {"executed_lines": [67, 69], "summary": {"covered_lines": 2, "num_statements": 2, "percent_covered": 100.0, "percent_covered_display": "100", "missing_lines": 0, "excluded_lines": 0}, "missing_lines": [], "excluded_lines": []}, "": {"executed_lines": [1, 2, 4, 5, 6, 9, 10, 20, 23, 57, 78], "summary": {"covered_lines": 9, "num_statements": 9, "percent_covered": 100.0, "percent_covered_display": "100", "missing_lines": 0, "excluded_lines": 0}, "missing_lines": [], "excluded_lines": []}}, "classes": {"PerformanceProfiling": {"executed_lines": [21, 34, 35, 36, 38, 55, 67, 69], "summary": {"covered_lines": 8, "num_statements": 8, "percent_covered": 100.0, "percent_covered_display": "100", "missing_lines": 0, "excluded_lines": 0}, "missing_lines": [], "excluded_lines": []}, "": {"executed_lines": [1, 2, 4, 5, 6, 9, 10, 20, 23, 57, 78], "summary": {"covered_lines": 9, "num_statements": 9, "percent_covered": 100.0, "percent_covered_display": "100", "missing_lines": 0, "excluded_lines": 0}, "missing_lines": [], "excluded_lines": []}}}, "tasks\\refactor_code.py": {"executed_lines": [1, 2, 4, 5, 6, 7, 10, 11, 21, 22, 23, 25, 36, 37, 39, 44, 46, 56, 58, 67], "summary": {"covered_lines": 18, "num_statements": 18, "percent_covered": 100.0, "percent_covered_display": "100", "missing_lines": 0, "excluded_lines": 0}, "missing_lines": [], "excluded_lines": [], "functions": {"RefactorCode.__init__": {"executed_lines": [22, 23], "summary": {"covered_lines": 2, "num_statements": 2, "percent_covered": 100.0, "percent_covered_display": "100", "missing_lines": 0, "excluded_lines": 0}, "missing_lines": [], "excluded_lines": []}, "RefactorCode.refactor": {"executed_lines": [36, 37, 39, 44], "summary": {"covered_lines": 4, "num_statements": 4, "percent_covered": 100.0, "percent_covered_display": "100", "missing_lines": 0, "excluded_lines": 0}, "missing_lines": [], "excluded_lines": []}, "RefactorCode.get_refactoring_suggestions": {"executed_lines": [56, 58], "summary": {"covered_lines": 2, "num_statements": 2, "percent_covered": 100.0, "percent_covered_display": "100", "missing_lines": 0, "excluded_lines": 0}, "missing_lines": [], "excluded_lines": []}, "": {"executed_lines": [1, 2, 4, 5, 6, 7, 10, 11, 21, 25, 46, 67], "summary": {"covered_lines": 10, "num_statements": 10, "percent_covered": 100.0, "percent_covered_display": "100", "missing_lines": 0, "excluded_lines": 0}, "missing_lines": [], "excluded_lines": []}}, "classes": {"RefactorCode": {"executed_lines": [22, 23, 36, 37, 39, 44, 56, 58], "summary": {"covered_lines": 8, "num_statements": 8, "percent_covered": 100.0, "percent_covered_display": "100", "missing_lines": 0, "excluded_lines": 0}, "missing_lines": [], "excluded_lines": []}, "": {"executed_lines": [1, 2, 4, 5, 6, 7, 10, 11, 21, 25, 46, 67], "summary": {"covered_lines": 10, "num_statements": 10, "percent_covered": 100.0, "percent_covered_display": "100", "missing_lines": 0, "excluded_lines": 0}, "missing_lines": [], "excluded_lines": []}}}, "tasks\\security_audit.py": {"executed_lines": [1, 2, 4, 5, 6, 7, 10, 11, 21, 22, 23, 25, 36, 37, 39, 44, 46, 56, 58, 67], "summary": {"covered_lines": 18, "num_statements": 18, "percent_covered": 100.0, "percent_covered_display": "100", "missing_lines": 0, "excluded_lines": 0}, "missing_lines": [], "excluded_lines": [], "functions": {"SecurityAudit.__init__": {"executed_lines": [22, 23], "summary": {"covered_lines": 2, "num_statements": 2, "percent_covered": 100.0, "percent_covered_display": "100", "missing_lines": 0, "excluded_lines": 0}, "missing_lines": [], "excluded_lines": []}, "SecurityAudit.audit": {"executed_lines": [36, 37, 39, 44], "summary": {"covered_lines": 4, "num_statements": 4, "percent_covered": 100.0, "percent_covered_display": "100", "missing_lines": 0, "excluded_lines": 0}, "missing_lines": [], "excluded_lines": []}, "SecurityAudit.get_security_report": {"executed_lines": [56, 58], "summary": {"covered_lines": 2, "num_statements": 2, "percent_covered": 100.0, "percent_covered_display": "100", "missing_lines": 0, "excluded_lines": 0}, "missing_lines": [], "excluded_lines": []}, "": {"executed_lines": [1, 2, 4, 5, 6, 7, 10, 11, 21, 25, 46, 67], "summary": {"covered_lines": 10, "num_statements": 10, "percent_covered": 100.0, "percent_covered_display": "100", "missing_lines": 0, "excluded_lines": 0}, "missing_lines": [], "excluded_lines": []}}, "classes": {"SecurityAudit": {"executed_lines": [22, 23, 36, 37, 39, 44, 56, 58], "summary": {"covered_lines": 8, "num_statements": 8, "percent_covered": 100.0, "percent_covered_display": "100", "missing_lines": 0, "excluded_lines": 0}, "missing_lines": [], "excluded_lines": []}, "": {"executed_lines": [1, 2, 4, 5, 6, 7, 10, 11, 21, 25, 46, 67], "summary": {"covered_lines": 10, "num_statements": 10, "percent_covered": 100.0, "percent_covered_display": "100", "missing_lines": 0, "excluded_lines": 0}, "missing_lines": [], "excluded_lines": []}}}}, "totals": {"covered_lines": 806, "num_statements": 884, "percent_covered": 91.17647058823529, "percent_covered_display": "91", "missing_lines": 78, "excluded_lines": 2}}